<?xml version="1.0" encoding="UTF-8"?>
<testsuite xmlns:xsi="http://www.w3.org/2001/XMLSchema-instance" xsi:noNamespaceSchemaLocation="https://maven.apache.org/surefire/maven-surefire-plugin/xsd/surefire-test-report-3.0.xsd" version="3.0" name="com.springapi.springapitechnicaltest.services.ShoppingCartServiceTest" time="0.451" tests="10" errors="0" skipped="0" failures="0">
  <properties>
[...]
</properties>
  <testcase name="newShoppingCartEmpty" classname="com.springapi.springapitechnicaltest.services.ShoppingCartServiceTest" time="0.004">
    <system-out><![CDATA[2023-09-25T15:25:13.711-06:00  INFO 12500 --- [           main] t.c.s.AnnotationConfigContextLoaderUtils : Could not detect default configuration classes for test class [com.springapi.springapitechnicaltest.services.ShoppingCartServiceTest]: ShoppingCartServiceTest does not declare any static, non-private, non-final, nested classes annotated with @Configuration.
2023-09-25T15:25:13.712-06:00  INFO 12500 --- [           main] .b.t.c.SpringBootTestContextBootstrapper : Found @SpringBootConfiguration com.springapi.springapitechnicaltest.SpringApiTechnicalTestApplication for test class com.springapi.springapitechnicaltest.services.ShoppingCartServiceTest

  .   ____          _            __ _ _
 /\\ / ___'_ __ _ _(_)_ __  __ _ \ \ \ \
( ( )\___ | '_ | '_| | '_ \/ _` | \ \ \ \
 \\/  ___)| |_)| | | | | || (_| |  ) ) ) )
  '  |____| .__|_| |_|_| |_\__, | / / / /
 =========|_|==============|___/=/_/_/_/
 :: Spring Boot ::             (v3.2.0-M2)

2023-09-25T15:25:13.738-06:00  INFO 12500 --- [           main] c.s.s.services.ShoppingCartServiceTest   : Starting ShoppingCartServiceTest using Java 20 with PID 12500 (started by Daniel in C:\Users\Daniel\Documents\Spring Technical Test\Spring-Api-Technical-Test)
2023-09-25T15:25:13.738-06:00  INFO 12500 --- [           main] c.s.s.services.ShoppingCartServiceTest   : No active profile set, falling back to 1 default profile: "default"
2023-09-25T15:25:13.874-06:00  INFO 12500 --- [           main] .s.d.r.c.RepositoryConfigurationDelegate : Bootstrapping Spring Data MongoDB repositories in DEFAULT mode.
2023-09-25T15:25:13.896-06:00  INFO 12500 --- [           main] .s.d.r.c.RepositoryConfigurationDelegate : Finished Spring Data repository scanning in 22 ms. Found 7 MongoDB repository interfaces.
2023-09-25T15:25:13.978-06:00  WARN 12500 --- [           main] trationDelegate$BeanPostProcessorChecker : Bean 'methodSecurityConfigurer' of type [com.springapi.springapitechnicaltest.configuration.MethodSecurityConfigurer$$SpringCGLIB$$0] is not eligible for getting processed by all BeanPostProcessors (for example: not eligible for auto-proxying). Is this bean getting eagerly injected into a currently created BeanPostProcessor [projectingArgumentResolverBeanPostProcessor]? Check the corresponding BeanPostProcessor declaration and its dependencies.
2023-09-25T15:25:13.993-06:00  INFO 12500 --- [           main] org.mongodb.driver.client                : MongoClient with metadata {"driver": {"name": "mongo-java-driver|sync|spring-boot", "version": "4.10.2"}, "os": {"type": "Windows", "name": "Windows 10", "architecture": "amd64", "version": "10.0"}, "platform": "Java/Oracle Corporation/20+36-2344"} created with settings MongoClientSettings{readPreference=primary, writeConcern=WriteConcern{w=null, wTimeout=null ms, journal=null}, retryWrites=true, retryReads=true, readConcern=ReadConcern{level=null}, credential=null, streamFactoryFactory=null, commandListeners=[], codecRegistry=ProvidersCodecRegistry{codecProviders=[ValueCodecProvider{}, BsonValueCodecProvider{}, DBRefCodecProvider{}, DBObjectCodecProvider{}, DocumentCodecProvider{}, CollectionCodecProvider{}, IterableCodecProvider{}, MapCodecProvider{}, GeoJsonCodecProvider{}, GridFSFileCodecProvider{}, Jsr310CodecProvider{}, JsonObjectCodecProvider{}, BsonCodecProvider{}, EnumCodecProvider{}, com.mongodb.client.model.mql.ExpressionCodecProvider@789dd6bf, com.mongodb.Jep395RecordCodecProvider@1e6d30c0, com.mongodb.KotlinCodecProvider@38929da]}, loggerSettings=LoggerSettings{maxDocumentLength=1000}, clusterSettings={hosts=[host.docker.internal:27017], srvServiceName=mongodb, mode=SINGLE, requiredClusterType=UNKNOWN, requiredReplicaSetName='null', serverSelector='null', clusterListeners='[]', serverSelectionTimeout='30000 ms', localThreshold='30000 ms'}, socketSettings=SocketSettings{connectTimeoutMS=10000, readTimeoutMS=0, receiveBufferSize=0, sendBufferSize=0}, heartbeatSocketSettings=SocketSettings{connectTimeoutMS=10000, readTimeoutMS=10000, receiveBufferSize=0, sendBufferSize=0}, connectionPoolSettings=ConnectionPoolSettings{maxSize=100, minSize=0, maxWaitTimeMS=120000, maxConnectionLifeTimeMS=0, maxConnectionIdleTimeMS=0, maintenanceInitialDelayMS=0, maintenanceFrequencyMS=60000, connectionPoolListeners=[], maxConnecting=2}, serverSettings=ServerSettings{heartbeatFrequencyMS=10000, minHeartbeatFrequencyMS=500, serverListeners='[]', serverMonitorListeners='[]'}, sslSettings=SslSettings{enabled=false, invalidHostNameAllowed=false, context=null}, applicationName='null', compressorList=[], uuidRepresentation=JAVA_LEGACY, serverApi=null, autoEncryptionSettings=null, dnsClient=null, inetAddressResolver=null, contextProvider=null}
2023-09-25T15:25:13.996-06:00  INFO 12500 --- [.internal:27017] org.mongodb.driver.cluster               : Monitor thread successfully connected to server with description ServerDescription{address=host.docker.internal:27017, type=STANDALONE, state=CONNECTED, ok=true, minWireVersion=0, maxWireVersion=21, maxDocumentSize=16777216, logicalSessionTimeoutMinutes=30, roundTripTimeNanos=2352300}
2023-09-25T15:25:14.055-06:00  INFO 12500 --- [           main] o.s.s.web.DefaultSecurityFilterChain     : Will secure any request with [org.springframework.security.web.session.DisableEncodeUrlFilter@158330c1, org.springframework.security.web.context.request.async.WebAsyncManagerIntegrationFilter@2b49a11d, org.springframework.security.web.context.SecurityContextHolderFilter@5245b5e0, org.springframework.security.web.header.HeaderWriterFilter@e519afd, org.springframework.web.filter.CorsFilter@3aeff59e, org.springframework.security.web.authentication.logout.LogoutFilter@5b8caf1b, com.springapi.springapitechnicaltest.configuration.JwtFilterAuthConfiguration@781c0f55, com.springapi.springapitechnicaltest.configuration.JwtFilterAuthConfiguration@781c0f55, org.springframework.security.web.savedrequest.RequestCacheAwareFilter@5ec1031d, org.springframework.security.web.servletapi.SecurityContextHolderAwareRequestFilter@5cc5ec4a, org.springframework.security.web.authentication.AnonymousAuthenticationFilter@74953daf, org.springframework.security.web.session.SessionManagementFilter@3799e7a8, org.springframework.security.web.access.ExceptionTranslationFilter@69ecac91, org.springframework.security.web.access.intercept.AuthorizationFilter@7e579cda]
2023-09-25T15:25:14.133-06:00  INFO 12500 --- [           main] c.s.s.services.ShoppingCartServiceTest   : Started ShoppingCartServiceTest in 0.418 seconds (process running for 12.665)
]]></system-out>
  </testcase>
  <testcase name="findShoppingCartByUsername" classname="com.springapi.springapitechnicaltest.services.ShoppingCartServiceTest" time="0.002"/>
  <testcase name="newShoppingCartNotEmptyProducts" classname="com.springapi.springapitechnicaltest.services.ShoppingCartServiceTest" time="0.001"/>
  <testcase name="updateShoppingCartNoFound" classname="com.springapi.springapitechnicaltest.services.ShoppingCartServiceTest" time="0.002"/>
  <testcase name="addProductToShoppingCart" classname="com.springapi.springapitechnicaltest.services.ShoppingCartServiceTest" time="0.003"/>
  <testcase name="findShoppingCartByUsernameWithUsernameNoExists" classname="com.springapi.springapitechnicaltest.services.ShoppingCartServiceTest" time="0.003"/>
  <testcase name="addProductToShoppingCartWithProductAlreadyAddedBefore" classname="com.springapi.springapitechnicaltest.services.ShoppingCartServiceTest" time="0.003"/>
  <testcase name="deleteShoppingCart" classname="com.springapi.springapitechnicaltest.services.ShoppingCartServiceTest" time="0.002"/>
  <testcase name="updateShoppingCart" classname="com.springapi.springapitechnicaltest.services.ShoppingCartServiceTest" time="0.001"/>
  <testcase name="findShoppingCartByUsernameWithNoCartSaved" classname="com.springapi.springapitechnicaltest.services.ShoppingCartServiceTest" time="0.001"/>
</testsuite>